[2016.03.29-20.02.11:742][  0]Log file open, 03/29/16 16:02:11
[2016.03.29-20.02.11:742][  0]LogInit:Display: Running engine for game: CapstonePrototype
[2016.03.29-20.02.11:742][  0]LogPlatformFile: Not using cached read wrapper
[2016.03.29-20.02.11:742][  0]LogInit:Display: RandInit(-692684106) SRandInit(-692684103).
[2016.03.29-20.02.11:742][  0]LogTaskGraph: Started task graph with 4 named threads and 7 total threads.
[2016.03.29-20.02.11:742][  0]LogStats: Stats thread started at 0.119417
[2016.03.29-20.02.11:742][  0]LogInit: Version: 4.10.2-2818068+++depot+UE4-Releases+4.10
[2016.03.29-20.02.11:742][  0]LogInit: API Version: 2758231
[2016.03.29-20.02.11:742][  0]LogInit: Compiled (64-bit): Jan  6 2016 17:36:42
[2016.03.29-20.02.11:742][  0]LogInit: Compiled with Visual C++: 19.00.23026.00
[2016.03.29-20.02.11:742][  0]LogInit: Build Configuration: Development
[2016.03.29-20.02.11:742][  0]LogInit: Branch Name: ++depot+UE4-Releases+4.10
[2016.03.29-20.02.11:742][  0]LogInit: Command line: -EpicPortal 
[2016.03.29-20.02.11:742][  0]LogInit: Base directory: C:/Program Files (x86)/Epic Games/4.10/Engine/Binaries/Win64/
[2016.03.29-20.02.11:742][  0]LogInit: Rocket: 1
[2016.03.29-20.02.11:761][  0]LogInit: Using libcurl 7.41.0
[2016.03.29-20.02.11:762][  0]LogInit:  - built for x86_64-pc-win32
[2016.03.29-20.02.11:762][  0]LogInit:  - supports SSL with WinSSL
[2016.03.29-20.02.11:762][  0]LogInit:  - other features:
[2016.03.29-20.02.11:762][  0]LogInit:      CURL_VERSION_SSL
[2016.03.29-20.02.11:762][  0]LogInit:      CURL_VERSION_IPV6
[2016.03.29-20.02.11:762][  0]LogInit:      CURL_VERSION_ASYNCHDNS
[2016.03.29-20.02.11:762][  0]LogInit:      CURL_VERSION_LARGEFILE
[2016.03.29-20.02.11:762][  0]LogInit:      CURL_VERSION_IDN
[2016.03.29-20.02.11:762][  0]LogInit:  CurlRequestOptions (configurable via config and command line):
[2016.03.29-20.02.11:762][  0]LogInit:  - bVerifyPeer = true  - Libcurl will verify peer certificate
[2016.03.29-20.02.11:762][  0]LogInit:  - bUseHttpProxy = false  - Libcurl will NOT use HTTP proxy
[2016.03.29-20.02.11:762][  0]LogInit:  - bDontReuseConnections = false  - Libcurl will reuse connections
[2016.03.29-20.02.11:762][  0]LogInit:  - CertBundlePath = nullptr  - Libcurl will use whatever was configured at build time.
[2016.03.29-20.02.11:785][  0]LogInit: Presizing for 0 objects not considered by GC, pre-allocating 0 bytes.
[2016.03.29-20.02.11:803][  0]LogInit: Object subsystem initialized
[2016.03.29-20.02.11:805][  0]LogInit: Selected Device Profile: [Windows]
[2016.03.29-20.02.11:805][  0]LogInit: Applying CVar settings loaded from the selected device profile: [Windows]
[2016.03.29-20.02.11:893][  0]LogInit: Computer: DESKTOP-VOVHI10
[2016.03.29-20.02.11:893][  0]LogInit: User: Sean
[2016.03.29-20.02.11:893][  0]LogInit: CPU Page size=4096, Cores=4
[2016.03.29-20.02.11:893][  0]LogInit: High frequency timer resolution =2.531251 MHz
[2016.03.29-20.02.11:893][  0]LogMemory: Memory total: Physical=15.9GB (16GB approx)
[2016.03.29-20.02.11:894][  0]LogMemory: Platform Memory Stats for Windows
[2016.03.29-20.02.11:894][  0]LogMemory: Process Physical Memory: 56.20 MB used, 56.20 MB peak
[2016.03.29-20.02.11:894][  0]LogMemory: Process Virtual Memory: 57.01 MB used, 57.01 MB peak
[2016.03.29-20.02.11:894][  0]LogMemory: Physical Memory: 5695.98 MB used, 16282.54 MB total
[2016.03.29-20.02.11:894][  0]LogMemory: Virtual Memory: 383.86 MB used, 134217728.00 MB total
[2016.03.29-20.02.12:093][  0]LogTextLocalizationManager: No specific translations for ('en-US') exist, so ('en') translations will be used.
[2016.03.29-20.02.13:057][  0]LogD3D11RHI: Found D3D11 adapter 0: NVIDIA GeForce GTX 960M          (Feature Level 11_0)
[2016.03.29-20.02.13:057][  0]LogD3D11RHI: Adapter has 1995MB of dedicated video memory, 0MB of dedicated system memory, and 8141MB of shared system memory, 1 output[s]
[2016.03.29-20.02.13:071][  0]LogD3D11RHI: Found D3D11 adapter 1: Intel(R) HD Graphics 530 (Feature Level 11_0)
[2016.03.29-20.02.13:071][  0]LogD3D11RHI: Adapter has 128MB of dedicated video memory, 0MB of dedicated system memory, and 8141MB of shared system memory, 0 output[s]
[2016.03.29-20.02.13:075][  0]LogD3D11RHI: Found D3D11 adapter 2: Microsoft Basic Render Driver (Feature Level 11_0)
[2016.03.29-20.02.13:075][  0]LogD3D11RHI: Adapter has 0MB of dedicated video memory, 0MB of dedicated system memory, and 8141MB of shared system memory, 0 output[s]
[2016.03.29-20.02.13:075][  0]LogD3D11RHI: Chosen D3D11 Adapter Id = 0
[2016.03.29-20.02.13:090][  0]LogD3D11RHI: !Direct3DDevice
[2016.03.29-20.02.13:090][  0]LogRHI: Texture pool is 1361 MB (70% of 1945 MB)
[2016.03.29-20.02.13:119][  0]LogD3D11RHI: Async texture creation enabled
[2016.03.29-20.02.13:140][  0]LogShaderCompilers: Guid format shader working directory is -41 characters bigger than the processId version (../../../../../../Users/Sean/Documents/GitHub/CapstonePC/CapstonePC/CapstonePrototype/Intermediate/Shaders/WorkingDirectory/19384/).
[2016.03.29-20.02.13:140][  0]LogShaderCompilers: Cleaned the shader compiler working directory 'C:/Users/Sean/AppData/Local/Temp/UnrealShaderWorkingDir/0B817D5D4E4D5D4E74D0BD910A73E2AF/'.
[2016.03.29-20.02.13:140][  0]LogShaderCompilers:Display: Using Local Shader Compiler.
[2016.03.29-20.02.16:998][  0]LogTemp:Display: Loaded TP AllDesktopTargetPlatform
[2016.03.29-20.02.17:002][  0]LogTemp:Display: Loaded TP WindowsClientTargetPlatform
[2016.03.29-20.02.17:006][  0]LogTemp:Display: Loaded TP WindowsNoEditorTargetPlatform
[2016.03.29-20.02.17:011][  0]LogTemp:Display: Loaded TP WindowsServerTargetPlatform
[2016.03.29-20.02.17:015][  0]LogTemp:Display: Loaded TP WindowsTargetPlatform
[2016.03.29-20.02.17:020][  0]LogTemp:Display: Loaded TP AndroidTargetPlatform
[2016.03.29-20.02.17:023][  0]LogTemp:Display: Loaded TP Android_ASTCTargetPlatform
[2016.03.29-20.02.17:026][  0]LogTemp:Display: Loaded TP Android_ATCTargetPlatform
[2016.03.29-20.02.17:029][  0]LogTemp:Display: Loaded TP Android_DXTTargetPlatform
[2016.03.29-20.02.17:032][  0]LogTemp:Display: Loaded TP Android_ETC1TargetPlatform
[2016.03.29-20.02.17:035][  0]LogTemp:Display: Loaded TP Android_ETC2TargetPlatform
[2016.03.29-20.02.17:040][  0]LogTemp:Display: Loaded TP Android_MultiTargetPlatform
[2016.03.29-20.02.17:040][  0]LogTemp:Display: Loaded TP Android_PVRTCTargetPlatform
[2016.03.29-20.02.17:041][  0]LogTemp:Display: Loaded TP HTML5TargetPlatform
[2016.03.29-20.02.17:060][  0]LogTemp:Display: Loaded TP IOSTargetPlatform
[2016.03.29-20.02.17:063][  0]LogTemp:Display: Loaded TP LinuxNoEditorTargetPlatform
[2016.03.29-20.02.17:066][  0]LogTemp:Display: Loaded TP LinuxServerTargetPlatform
[2016.03.29-20.02.17:081][  0]LogTemp:Display: Loaded TP LinuxTargetPlatform
[2016.03.29-20.02.17:081][  0]LogTargetPlatformManager:Display: Building Assets For Windows
[2016.03.29-20.02.17:165][  0]LogDerivedDataCache:Display: Max Cache Size: 512 MB
[2016.03.29-20.02.17:573][  0]LogDerivedDataCache: Loaded boot cache 0.41s 41MB C:/Users/Sean/AppData/Local/UnrealEngine/4.10/DerivedDataCache/Boot.ddc.
[2016.03.29-20.02.17:573][  0]LogDerivedDataCache:Display: Loaded Boot cache: C:/Users/Sean/AppData/Local/UnrealEngine/4.10/DerivedDataCache/Boot.ddc
[2016.03.29-20.02.17:573][  0]LogDerivedDataCache: FDerivedDataBackendGraph:  Pak pak cache file ../../../../../../Users/Sean/Documents/GitHub/CapstonePC/CapstonePC/CapstonePrototype/DerivedDataCache/DDC.ddp not found, will not use a pak cache.
[2016.03.29-20.02.17:573][  0]LogDerivedDataCache: Unable to find inner node Pak for hierarchical cache Hierarchy.
[2016.03.29-20.02.17:573][  0]LogDerivedDataCache: FDerivedDataBackendGraph:  CompressedPak pak cache file ../../../../../../Users/Sean/Documents/GitHub/CapstonePC/CapstonePC/CapstonePrototype/DerivedDataCache/Compressed.ddp not found, will not use a pak cache.
[2016.03.29-20.02.17:573][  0]LogDerivedDataCache: Unable to find inner node CompressedPak for hierarchical cache Hierarchy.
[2016.03.29-20.02.17:663][  0]LogDerivedDataCache:Display: Pak cache opened for reading ../../../Engine/DerivedDataCache/Compressed.ddp.
[2016.03.29-20.02.17:677][  0]LogDerivedDataCache: Using Local data cache path C:/Users/Sean/AppData/Local/UnrealEngine/Common/DerivedDataCache: Writable
[2016.03.29-20.02.17:839][  0]LogInit: Selected Device Profile: [Windows]
[2016.03.29-20.02.17:840][  0]LogContentStreaming: Texture pool size is 0.000000MB
[2016.03.29-20.02.17:995][  0]LogMeshUtilities: No automatic mesh reduction module available
[2016.03.29-20.02.17:995][  0]LogMeshUtilities: No automatic mesh merging module available
[2016.03.29-20.02.18:220][  0]LogInit: WinSock: version 1.1 (2.2), MaxSocks=32767, MaxUdp=65467
[2016.03.29-20.02.18:987][  0]UdpMessaging: Initializing bridge on interface 0.0.0.0:0 to multicast group 230.0.0.1:6666.
[2016.03.29-20.02.19:132][  0]LogAssetRegistry: FAssetRegistry took 0.0111 seconds to start up
[2016.03.29-20.02.19:449][  0]SourceControl: Info Source control is disabled
[2016.03.29-20.02.19:486][  0]SourceControl: Info Source control is disabled
[2016.03.29-20.02.19:497][  0]SourceControl: Info Source control is disabled
[2016.03.29-20.02.19:507][  0]SourceControl: Info Source control is disabled
[2016.03.29-20.02.20:572][  0]LogObj: 28633 objects as part of root set at end of initial load.
[2016.03.29-20.02.20:572][  0]LogUObjectAllocator: 6099752 out of 0 bytes used by permanent object pool.
[2016.03.29-20.02.20:681][  0]LogEngine: Initializing Engine...
[2016.03.29-20.02.20:684][  0]LogHMD: Can't find Oculus library dev build: is proper Runtime installed? Version: 0.8.0.0
[2016.03.29-20.02.20:684][  0]LogHMD: SteamVR failed to initialize.  Err: 110
[2016.03.29-20.02.20:792][  0]LogAIModule: Creating AISystem for world NewWorld
[2016.03.29-20.02.20:795][  0]LogInit: XAudio2 using 'Speakers (Conexant SmartAudio HD)' : 2 channels at 48 kHz using 32 bits per sample (channel mask 0x3)
[2016.03.29-20.02.20:842][  0]LogInit: FAudioDevice initialized.
[2016.03.29-20.02.20:866][  0]LogDerivedDataCache: Saved boot cache 0.02s 41MB C:/Users/Sean/AppData/Local/UnrealEngine/4.10/DerivedDataCache/Boot.ddc.
[2016.03.29-20.02.20:872][  0]LogInit: Texture streaming: Enabled
[2016.03.29-20.02.20:878][  0]LogAnalytics: Creating configured Analytics provider AnalyticsET
[2016.03.29-20.02.20:878][  0]LogAnalytics: [UEEditor.Rocket.Release] APIServer = http://et2.epicgames.com/ET2/. AppVersion = 4.10.2-2818068+++depot+UE4-Releases+4.10
[2016.03.29-20.02.20:878][  0]LogAnalytics: [UEEditor.Rocket.Release] SetUserId 11c9a2a3433694f23d34799b7be0c926|1178ea1a7d70477288cd39732e349098|fd0a8a24-08f4-47ab-971a-f7ca0291e052
[2016.03.29-20.02.20:878][  0]LogAnalytics: [UEEditor.Rocket.Release] AnalyticsET::StartSession
[2016.03.29-20.02.21:037][  0]LogInit: Transaction tracking system initialized
[2016.03.29-20.02.21:119][  0]BlueprintLog: New page: Editor Load
[2016.03.29-20.02.21:506][  0]LocalizationService: Info Localization service is disabled
[2016.03.29-20.02.21:785][  0]LogConsoleResponse:Display: 
[2016.03.29-20.02.22:012][  0]LogFileCache: Scanning file cache for directory 'C:/Users/Sean/Documents/GitHub/CapstonePC/CapstonePC/CapstonePrototype/Content/' took 0.02s
[2016.03.29-20.02.22:012][  0]LogCook:Display: Done creating registry. It took  0.00s.
[2016.03.29-20.02.22:684][  0]SourceControl: Info Source control is disabled
[2016.03.29-20.02.22:684][  0]Cmd: MAP LOAD FILE="../../../../../../Users/Sean/Documents/GitHub/CapstonePC/CapstonePC/CapstonePrototype/Content/TopDownBP/Maps/TopDownExampleMap.umap" TEMPLATE=0 SHOWPROGRESS=1 FEATURELEVEL=3
[2016.03.29-20.02.22:728][  0]LightingResults: New page: Lighting Build
[2016.03.29-20.02.22:738][  0]MapCheck: New page: Map Check
[2016.03.29-20.02.22:738][  0]LightingResults: New page: Lighting Build
[2016.03.29-20.02.22:768][  0]LogParticles: Destroying 0 GPU particle simulations for FXSystem 0x0000020CCAA7F420
[2016.03.29-20.02.27:240][  0]LogAIModule: Creating AISystem for world TopDownExampleMap
[2016.03.29-20.02.27:691][  0]LogEditorServer: Finished looking for orphan Actors (0.000 secs)
[2016.03.29-20.02.27:826][  0]Cmd: MAP CHECKDEP NOCLEARLOG
[2016.03.29-20.02.27:925][  0]MapCheck: Info Map check complete: 0 Error(s), 0 Warning(s), took 97.685ms to complete.
[2016.03.29-20.02.27:925][  0]LogFileHelpers: Loading map 'TopDownExampleMap' took 5.240
[2016.03.29-20.02.28:869][  0]LogCollectionManager: Loaded 0 collections in 0.006983 seconds
[2016.03.29-20.02.29:060][  0]LogFileCache: Scanning file cache for directory 'C:/Users/Sean/Documents/GitHub/CapstonePC/CapstonePC/CapstonePrototype/Saved/Collections/' took 0.01s
[2016.03.29-20.02.29:060][  0]LogFileCache: Scanning file cache for directory 'C:/Users/Sean/Documents/GitHub/CapstonePC/CapstonePC/CapstonePrototype/Content/Developers/Sean/Collections/' took 0.01s
[2016.03.29-20.02.29:060][  0]LogFileCache: Scanning file cache for directory 'C:/Users/Sean/Documents/GitHub/CapstonePC/CapstonePC/CapstonePrototype/Content/Collections/' took 0.01s
[2016.03.29-20.02.29:060][  0]LogCollectionManager: Rebuilt the GUID cache for 0 collections in 0.000004 seconds
[2016.03.29-20.02.29:085][  0]LogContentBrowser: Native class hierarchy populated in 0.0220 seconds. Added 1893 classes and 338 folders.
[2016.03.29-20.02.29:213][  0]LogContentBrowser: Native class hierarchy updated for 'WidgetCarousel' in 0.0010 seconds. Added 0 classes and 0 folders.
[2016.03.29-20.02.31:119][  0]LogContentBrowser: Native class hierarchy updated for 'AddContentDialog' in 0.0009 seconds. Added 0 classes and 0 folders.
[2016.03.29-20.02.31:242][  0]LogContentBrowser: Native class hierarchy updated for 'SceneOutliner' in 0.0011 seconds. Added 1 classes and 2 folders.
[2016.03.29-20.02.32:172][  0]LogCrashTracker: Crashtracker disabled due to settings.
[2016.03.29-20.02.32:330][  0]LogUObjectGlobals:Warning: Failed to find object 'Class None.'
[2016.03.29-20.02.32:365][  0]LogLoad: Full Startup: 22.55 seconds (BP compile: 0.69 seconds)
[2016.03.29-20.02.32:389][  0]LogOcInput: Can't find Oculus library dev build: is proper Runtime installed? Version: 0.8.0.0
[2016.03.29-20.02.32:903][  0]LogContentStreaming: Texture pool size now 1000 MB
[2016.03.29-20.02.33:729][  0]LogRenderer: Reallocating scene render targets to support 880x380 (Frame:2).
[2016.03.29-20.02.45:546][642]LogAssetRegistry: Asset discovery search completed in 26.4247 seconds
[2016.03.29-20.02.45:546][642]LogCollectionManager: Rebuilt the object cache for 0 collections in 0.000000 seconds (found 0 objects)
[2016.03.29-20.02.45:546][642]LogCollectionManager: Fixed up redirectors for 0 collections in 0.000035 seconds (updated 0 objects)
[2016.03.29-20.02.45:873][658]LogBlueprintUserMessages: Early PlayInEditor Detection: Level '/Game/TopDownBP/Maps/TopDownExampleMap.TopDownExampleMap:PersistentLevel' has LevelScriptBlueprint '/Game/TopDownBP/Maps/TopDownExampleMap.TopDownExampleMap:PersistentLevel.TopDownExampleMap' with GeneratedClass '/Game/TopDownBP/Maps/TopDownExampleMap.TopDownExampleMap_C' with ClassGeneratedBy '/Game/TopDownBP/Maps/TopDownExampleMap.TopDownExampleMap:PersistentLevel.TopDownExampleMap'
[2016.03.29-20.02.45:873][658]LogPlayLevel: PlayLevel: No blueprints needed recompiling
[2016.03.29-20.02.45:889][658]PIE: New page: PIE session: TopDownExampleMap (Mar 29, 2016, 12:02:45 PM)
[2016.03.29-20.02.45:889][658]LogPlayLevel: Creating play world package: /Game/TopDownBP/Maps/UEDPIE_0_TopDownExampleMap
[2016.03.29-20.02.45:953][658]LogPlayLevel: PIE: StaticDuplicateObject took: (0.064425s)
[2016.03.29-20.02.45:954][658]LogAIModule: Creating AISystem for world TopDownExampleMap
[2016.03.29-20.02.45:954][658]LogPlayLevel: PIE: World Init took: (0.000751s)
[2016.03.29-20.02.45:954][658]LogPlayLevel: PIE: Created PIE world by copying editor world from /Game/TopDownBP/Maps/TopDownExampleMap.TopDownExampleMap to /Game/TopDownBP/Maps/UEDPIE_0_TopDownExampleMap.TopDownExampleMap (0.065409s)
[2016.03.29-20.02.46:026][658]LogInit: XAudio2 using 'Speakers (Conexant SmartAudio HD)' : 2 channels at 48 kHz using 32 bits per sample (channel mask 0x3)
[2016.03.29-20.02.46:049][658]LogInit: FAudioDevice initialized.
[2016.03.29-20.02.46:197][658]LogWorld: Game class is 'TopDownGameMode_C'
[2016.03.29-20.02.46:241][658]LogWorld: Bringing World /Game/TopDownBP/Maps/UEDPIE_0_TopDownExampleMap.TopDownExampleMap up for play (max tick rate 60) at 2016.03.29-16.02.46
[2016.03.29-20.02.46:241][658]LogActor:Warning: GameSession /Game/TopDownBP/Maps/UEDPIE_0_TopDownExampleMap.TopDownExampleMap:PersistentLevel.GameSession_0 has natively added scene component(s), but none of them were set as the actor's RootComponent - picking one arbitrarily
[2016.03.29-20.02.46:242][658]LogActor:Warning: GameNetworkManager /Game/TopDownBP/Maps/UEDPIE_0_TopDownExampleMap.TopDownExampleMap:PersistentLevel.GameNetworkManager_0 has natively added scene component(s), but none of them were set as the actor's RootComponent - picking one arbitrarily
[2016.03.29-20.02.46:282][658]LogWorld: Bringing up level for play took: 0.053596
[2016.03.29-20.02.46:372][658]PIE: Info Play in editor start time for /Game/TopDownBP/Maps/UEDPIE_0_TopDownExampleMap -0.175
[2016.03.29-20.02.46:372][658]LogBlueprintUserMessages: Late PlayInEditor Detection: Level '/Game/TopDownBP/Maps/TopDownExampleMap.TopDownExampleMap:PersistentLevel' has LevelScriptBlueprint '/Game/TopDownBP/Maps/TopDownExampleMap.TopDownExampleMap:PersistentLevel.TopDownExampleMap' with GeneratedClass '/Game/TopDownBP/Maps/TopDownExampleMap.TopDownExampleMap_C' with ClassGeneratedBy '/Game/TopDownBP/Maps/TopDownExampleMap.TopDownExampleMap:PersistentLevel.TopDownExampleMap'
[2016.03.29-20.06.28:918][208]LogLinker:Warning: Asset '../../../Engine/Content/ArtTools/RenderToTexture/Macros/RenderToTextureMacros.uasset' has been saved with empty engine version. The asset will be loaded but may be incompatible.
[2016.03.29-20.06.29:954][208]LogContentBrowser: Native class hierarchy updated for 'BlueprintGraph' in 0.0007 seconds. Added 107 classes and 0 folders.
[2016.03.29-20.06.40:684][709]LogBlueprintUserMessages: Early EndPlayMap Detection: Level '/Game/TopDownBP/Maps/TopDownExampleMap.TopDownExampleMap:PersistentLevel' has LevelScriptBlueprint '/Game/TopDownBP/Maps/TopDownExampleMap.TopDownExampleMap:PersistentLevel.TopDownExampleMap' with GeneratedClass '/Game/TopDownBP/Maps/TopDownExampleMap.TopDownExampleMap_C' with ClassGeneratedBy '/Game/TopDownBP/Maps/TopDownExampleMap.TopDownExampleMap:PersistentLevel.TopDownExampleMap'
[2016.03.29-20.06.40:799][709]LogBlueprintUserMessages: Late EndPlayMap Detection: Level '/Game/TopDownBP/Maps/TopDownExampleMap.TopDownExampleMap:PersistentLevel' has LevelScriptBlueprint '/Game/TopDownBP/Maps/TopDownExampleMap.TopDownExampleMap:PersistentLevel.TopDownExampleMap' with GeneratedClass '/Game/TopDownBP/Maps/TopDownExampleMap.TopDownExampleMap_C' with ClassGeneratedBy '/Game/TopDownBP/Maps/TopDownExampleMap.TopDownExampleMap:PersistentLevel.TopDownExampleMap'
[2016.03.29-20.06.40:812][709]LogActorComponent: UnregisterComponent: (/Engine/Transient.CharMoveComp) Not registered. Aborting.
[2016.03.29-20.06.40:838][709]LogParticles: Destroying 0 GPU particle simulations for FXSystem 0x0000020CEEC1D760
[2016.03.29-20.08.00:474][964]LogEditorViewport: Clicking on Actor (LMB): TopDownCharacter_C (TopDownCharacter)
[2016.03.29-20.08.01:007][996]LogEditorViewport: Clicking on Actor (LMB): StaticMeshActor (Floor)
[2016.03.29-20.08.01:605][ 26]LogEditorViewport: Clicking on Actor (LMB): TopDownCharacter_C (TopDownCharacter)
[2016.03.29-20.14.56:703][689]LogActorComponent: UnregisterComponent: (/Engine/Transient.CharMoveComp) Not registered. Aborting.
[2016.03.29-20.15.06:883][828]LogActorComponent: UnregisterComponent: (/Engine/Transient.CharacterMovementComponent_0) Not registered. Aborting.
[2016.03.29-20.15.09:510][102]LogActorComponent: UnregisterComponent: (/Engine/Transient.CharacterMovementComponent_1) Not registered. Aborting.
[2016.03.29-20.15.14:727][654]BlueprintLog: New page: Compile TopDownCharacter
[2016.03.29-20.15.14:942][654]LogActorComponent: UnregisterComponent: (/Engine/Transient.CharacterMovementComponent_2) Not registered. Aborting.
[2016.03.29-20.15.14:972][654]BlueprintEditorCompileResults: Info [0785.16] Compile of TopDownCharacter successful! [in 245 ms]
[2016.03.29-20.15.19:170][ 86]LogActorComponent: UnregisterComponent: (/Engine/Transient.CharMoveComp) Not registered. Aborting.
[2016.03.29-20.15.21:925][416]LogActorComponent: UnregisterComponent: (/Engine/Transient.CharacterMovementComponent_3) Not registered. Aborting.
[2016.03.29-20.16.31:354][ 76]LogActorComponent: UnregisterComponent: (/Engine/Transient.CharacterMovementComponent_4) Not registered. Aborting.
[2016.03.29-20.16.34:346][402]LogActorComponent: UnregisterComponent: (/Engine/Transient.CharacterMovementComponent_5) Not registered. Aborting.
[2016.03.29-20.17.26:835][260]LogActorComponent: UnregisterComponent: (/Engine/Transient.CharacterMovementComponent_6) Not registered. Aborting.
[2016.03.29-20.18.26:671][  3]LogProperty:Warning: ObjectProperty /Script/Engine.EdGraphPin:LinkedTo.LinkedTo: unresolved reference to 'EdGraphPin'K2Node_VariableGet_1293.EdGraphPin_23357''
[2016.03.29-20.19.28:171][720]LogActorComponent: UnregisterComponent: (/Engine/Transient.CharacterMovementComponent_7) Not registered. Aborting.
[2016.03.29-20.19.33:756][282]LogActorComponent: UnregisterComponent: (/Engine/Transient.CharacterMovementComponent_8) Not registered. Aborting.
[2016.03.29-20.19.35:522][491]LogActorComponent: UnregisterComponent: (/Engine/Transient.CharacterMovementComponent_9) Not registered. Aborting.
[2016.03.29-20.19.38:872][884]LogActorComponent: UnregisterComponent: (/Engine/Transient.CharacterMovementComponent_10) Not registered. Aborting.
[2016.03.29-20.22.35:273][411]BlueprintLog: New page: Compile TopDownCharacter
[2016.03.29-20.22.35:479][411]LogActorComponent: UnregisterComponent: (/Engine/Transient.CharacterMovementComponent_11) Not registered. Aborting.
[2016.03.29-20.22.35:516][411]BlueprintEditorCompileResults: Info [1225.70] Compile of TopDownCharacter successful! [in 242 ms]
[2016.03.29-20.22.44:739][425]LogActorComponent: UnregisterComponent: (/Engine/Transient.CharMoveComp) Not registered. Aborting.
[2016.03.29-20.22.48:582][828]LogActorComponent: UnregisterComponent: (/Engine/Transient.CharacterMovementComponent_12) Not registered. Aborting.
[2016.03.29-20.22.55:239][512]BlueprintLog: New page: Compile TopDownCharacter
[2016.03.29-20.22.55:361][512]LogActorComponent: UnregisterComponent: (/Engine/Transient.CharacterMovementComponent_13) Not registered. Aborting.
[2016.03.29-20.22.55:395][512]BlueprintEditorCompileResults: Info [1245.58] Compile of TopDownCharacter successful! [in 155 ms]
[2016.03.29-20.23.01:729][978]LogBlueprintUserMessages: Early PlayInEditor Detection: Level '/Game/TopDownBP/Maps/TopDownExampleMap.TopDownExampleMap:PersistentLevel' has LevelScriptBlueprint '/Game/TopDownBP/Maps/TopDownExampleMap.TopDownExampleMap:PersistentLevel.TopDownExampleMap' with GeneratedClass '/Game/TopDownBP/Maps/TopDownExampleMap.TopDownExampleMap_C' with ClassGeneratedBy '/Game/TopDownBP/Maps/TopDownExampleMap.TopDownExampleMap:PersistentLevel.TopDownExampleMap'
[2016.03.29-20.23.01:729][978]LogPlayLevel: PlayLevel: No blueprints needed recompiling
[2016.03.29-20.23.01:729][978]PIE: New page: PIE session: TopDownExampleMap (Mar 29, 2016, 12:23:01 PM)
[2016.03.29-20.23.01:729][978]LogPlayLevel: Creating play world package: /Game/TopDownBP/Maps/UEDPIE_0_TopDownExampleMap
[2016.03.29-20.23.01:750][978]LogPlayLevel: PIE: StaticDuplicateObject took: (0.020419s)
[2016.03.29-20.23.01:751][978]LogAIModule: Creating AISystem for world TopDownExampleMap
[2016.03.29-20.23.01:751][978]LogPlayLevel: PIE: World Init took: (0.001720s)
[2016.03.29-20.23.01:751][978]LogPlayLevel: PIE: Created PIE world by copying editor world from /Game/TopDownBP/Maps/TopDownExampleMap.TopDownExampleMap to /Game/TopDownBP/Maps/UEDPIE_0_TopDownExampleMap.TopDownExampleMap (0.022405s)
[2016.03.29-20.23.01:751][978]LogActorComponent: UnregisterComponent: (/Engine/Transient.CharMoveComp) Not registered. Aborting.
[2016.03.29-20.23.01:806][978]LogInit: XAudio2 using 'Speakers (Conexant SmartAudio HD)' : 2 channels at 48 kHz using 32 bits per sample (channel mask 0x3)
[2016.03.29-20.23.01:816][978]LogInit: FAudioDevice initialized.
[2016.03.29-20.23.01:854][978]LogWorld: Game class is 'TopDownGameMode_C'
[2016.03.29-20.23.01:861][978]LogWorld: Bringing World /Game/TopDownBP/Maps/UEDPIE_0_TopDownExampleMap.TopDownExampleMap up for play (max tick rate 0) at 2016.03.29-16.23.01
[2016.03.29-20.23.01:861][978]LogActor:Warning: GameSession /Game/TopDownBP/Maps/UEDPIE_0_TopDownExampleMap.TopDownExampleMap:PersistentLevel.GameSession_1 has natively added scene component(s), but none of them were set as the actor's RootComponent - picking one arbitrarily
[2016.03.29-20.23.01:862][978]LogActor:Warning: GameNetworkManager /Game/TopDownBP/Maps/UEDPIE_0_TopDownExampleMap.TopDownExampleMap:PersistentLevel.GameNetworkManager_1 has natively added scene component(s), but none of them were set as the actor's RootComponent - picking one arbitrarily
[2016.03.29-20.23.01:862][978]LogWorld: Bringing up level for play took: 0.007069
[2016.03.29-20.23.01:885][978]PIE: Info Play in editor start time for /Game/TopDownBP/Maps/UEDPIE_0_TopDownExampleMap -0.661
[2016.03.29-20.23.01:886][978]LogBlueprintUserMessages: Late PlayInEditor Detection: Level '/Game/TopDownBP/Maps/TopDownExampleMap.TopDownExampleMap:PersistentLevel' has LevelScriptBlueprint '/Game/TopDownBP/Maps/TopDownExampleMap.TopDownExampleMap:PersistentLevel.TopDownExampleMap' with GeneratedClass '/Game/TopDownBP/Maps/TopDownExampleMap.TopDownExampleMap_C' with ClassGeneratedBy '/Game/TopDownBP/Maps/TopDownExampleMap.TopDownExampleMap:PersistentLevel.TopDownExampleMap'
[2016.03.29-20.23.31:310][ 29]LogBlueprintUserMessages: Early EndPlayMap Detection: Level '/Game/TopDownBP/Maps/TopDownExampleMap.TopDownExampleMap:PersistentLevel' has LevelScriptBlueprint '/Game/TopDownBP/Maps/TopDownExampleMap.TopDownExampleMap:PersistentLevel.TopDownExampleMap' with GeneratedClass '/Game/TopDownBP/Maps/TopDownExampleMap.TopDownExampleMap_C' with ClassGeneratedBy '/Game/TopDownBP/Maps/TopDownExampleMap.TopDownExampleMap:PersistentLevel.TopDownExampleMap'
[2016.03.29-20.23.31:470][ 29]LogBlueprintUserMessages: Late EndPlayMap Detection: Level '/Game/TopDownBP/Maps/TopDownExampleMap.TopDownExampleMap:PersistentLevel' has LevelScriptBlueprint '/Game/TopDownBP/Maps/TopDownExampleMap.TopDownExampleMap:PersistentLevel.TopDownExampleMap' with GeneratedClass '/Game/TopDownBP/Maps/TopDownExampleMap.TopDownExampleMap_C' with ClassGeneratedBy '/Game/TopDownBP/Maps/TopDownExampleMap.TopDownExampleMap:PersistentLevel.TopDownExampleMap'
[2016.03.29-20.23.31:546][ 29]LogParticles: Destroying 0 GPU particle simulations for FXSystem 0x0000020CBF97E7A0
[2016.03.29-20.23.45:862][839]LogActorComponent: UnregisterComponent: (/Engine/Transient.CharMoveComp) Not registered. Aborting.
[2016.03.29-20.23.52:038][247]LogActorComponent: UnregisterComponent: (/Engine/Transient.CharacterMovementComponent_14) Not registered. Aborting.
[2016.03.29-20.23.55:940][509]LogSavePackage: Save=167.688232ms
[2016.03.29-20.23.55:940][509]LogSavePackage: Moving '../../../../../../Users/Sean/Documents/GitHub/CapstonePC/CapstonePC/CapstonePrototype/Saved/TopDownCharacter02ACBA4843B1784D56810E92EB284802.tmp' to '../../../../../../Users/Sean/Documents/GitHub/CapstonePC/CapstonePC/CapstonePrototype/Content/TopDownBP/Blueprints/TopDownCharacter.uasset'
[2016.03.29-20.23.55:947][509]LogSavePackage: Total save time: 206.400312ms
[2016.03.29-20.23.55:947][509]LogSavePackage:Display: Finished SavePackage ../../../../../../Users/Sean/Documents/GitHub/CapstonePC/CapstonePC/CapstonePrototype/Content/TopDownBP/Blueprints/TopDownCharacter.uasset
[2016.03.29-20.23.57:688][643]LogBlueprintUserMessages: Early PlayInEditor Detection: Level '/Game/TopDownBP/Maps/TopDownExampleMap.TopDownExampleMap:PersistentLevel' has LevelScriptBlueprint '/Game/TopDownBP/Maps/TopDownExampleMap.TopDownExampleMap:PersistentLevel.TopDownExampleMap' with GeneratedClass '/Game/TopDownBP/Maps/TopDownExampleMap.TopDownExampleMap_C' with ClassGeneratedBy '/Game/TopDownBP/Maps/TopDownExampleMap.TopDownExampleMap:PersistentLevel.TopDownExampleMap'
[2016.03.29-20.23.57:688][643]BlueprintLog: New page: Pre-Play auto-recompile
[2016.03.29-20.23.57:691][643]LogActorComponent: UnregisterComponent: (/Engine/Transient.CharacterMovementComponent_15) Not registered. Aborting.
[2016.03.29-20.23.57:695][643]LogPlayLevel: [PlayLevel] Compiling TopDownCharacter before play...
[2016.03.29-20.23.57:776][643]LogPlayLevel: PlayLevel: Blueprint regeneration took 88 ms (1 blueprints)
[2016.03.29-20.23.57:801][643]PIE: New page: PIE session: TopDownExampleMap (Mar 29, 2016, 12:23:57 PM)
[2016.03.29-20.23.57:801][643]LogPlayLevel: Creating play world package: /Game/TopDownBP/Maps/UEDPIE_0_TopDownExampleMap
[2016.03.29-20.23.57:825][643]LogPlayLevel: PIE: StaticDuplicateObject took: (0.024164s)
[2016.03.29-20.23.57:827][643]LogAIModule: Creating AISystem for world TopDownExampleMap
[2016.03.29-20.23.57:827][643]LogPlayLevel: PIE: World Init took: (0.002329s)
[2016.03.29-20.23.57:828][643]LogPlayLevel: PIE: Created PIE world by copying editor world from /Game/TopDownBP/Maps/TopDownExampleMap.TopDownExampleMap to /Game/TopDownBP/Maps/UEDPIE_0_TopDownExampleMap.TopDownExampleMap (0.026881s)
[2016.03.29-20.23.57:915][643]LogInit: XAudio2 using 'Speakers (Conexant SmartAudio HD)' : 2 channels at 48 kHz using 32 bits per sample (channel mask 0x3)
[2016.03.29-20.23.57:928][643]LogInit: FAudioDevice initialized.
[2016.03.29-20.23.57:972][643]LogWorld: Game class is 'TopDownGameMode_C'
[2016.03.29-20.23.57:981][643]LogWorld: Bringing World /Game/TopDownBP/Maps/UEDPIE_0_TopDownExampleMap.TopDownExampleMap up for play (max tick rate 0) at 2016.03.29-16.23.57
[2016.03.29-20.23.57:981][643]LogActor:Warning: GameSession /Game/TopDownBP/Maps/UEDPIE_0_TopDownExampleMap.TopDownExampleMap:PersistentLevel.GameSession_2 has natively added scene component(s), but none of them were set as the actor's RootComponent - picking one arbitrarily
[2016.03.29-20.23.57:981][643]LogActor:Warning: GameNetworkManager /Game/TopDownBP/Maps/UEDPIE_0_TopDownExampleMap.TopDownExampleMap:PersistentLevel.GameNetworkManager_2 has natively added scene component(s), but none of them were set as the actor's RootComponent - picking one arbitrarily
[2016.03.29-20.23.57:982][643]LogWorld: Bringing up level for play took: 0.007716
[2016.03.29-20.23.57:983][643]PIE: Info Play in editor start time for /Game/TopDownBP/Maps/UEDPIE_0_TopDownExampleMap -0.563
[2016.03.29-20.23.57:984][643]LogBlueprintUserMessages: Late PlayInEditor Detection: Level '/Game/TopDownBP/Maps/TopDownExampleMap.TopDownExampleMap:PersistentLevel' has LevelScriptBlueprint '/Game/TopDownBP/Maps/TopDownExampleMap.TopDownExampleMap:PersistentLevel.TopDownExampleMap' with GeneratedClass '/Game/TopDownBP/Maps/TopDownExampleMap.TopDownExampleMap_C' with ClassGeneratedBy '/Game/TopDownBP/Maps/TopDownExampleMap.TopDownExampleMap:PersistentLevel.TopDownExampleMap'
[2016.03.29-20.24.21:615][356]LogBlueprintUserMessages: Early EndPlayMap Detection: Level '/Game/TopDownBP/Maps/TopDownExampleMap.TopDownExampleMap:PersistentLevel' has LevelScriptBlueprint '/Game/TopDownBP/Maps/TopDownExampleMap.TopDownExampleMap:PersistentLevel.TopDownExampleMap' with GeneratedClass '/Game/TopDownBP/Maps/TopDownExampleMap.TopDownExampleMap_C' with ClassGeneratedBy '/Game/TopDownBP/Maps/TopDownExampleMap.TopDownExampleMap:PersistentLevel.TopDownExampleMap'
[2016.03.29-20.24.21:766][356]LogBlueprintUserMessages: Late EndPlayMap Detection: Level '/Game/TopDownBP/Maps/TopDownExampleMap.TopDownExampleMap:PersistentLevel' has LevelScriptBlueprint '/Game/TopDownBP/Maps/TopDownExampleMap.TopDownExampleMap:PersistentLevel.TopDownExampleMap' with GeneratedClass '/Game/TopDownBP/Maps/TopDownExampleMap.TopDownExampleMap_C' with ClassGeneratedBy '/Game/TopDownBP/Maps/TopDownExampleMap.TopDownExampleMap:PersistentLevel.TopDownExampleMap'
[2016.03.29-20.24.21:767][356]LogActorComponent: UnregisterComponent: (/Engine/Transient.CharMoveComp) Not registered. Aborting.
[2016.03.29-20.24.21:869][356]LogParticles: Destroying 0 GPU particle simulations for FXSystem 0x0000020D09FF1080
[2016.03.29-20.24.35:180][104]LogActorComponent: UnregisterComponent: (/Engine/Transient.CharMoveComp) Not registered. Aborting.
[2016.03.29-20.24.37:051][208]LogActorComponent: UnregisterComponent: (/Engine/Transient.CharacterMovementComponent_16) Not registered. Aborting.
[2016.03.29-20.24.38:980][208]LogSavePackage: Save=1462.425049ms
[2016.03.29-20.24.38:980][208]LogSavePackage: Moving '../../../../../../Users/Sean/Documents/GitHub/CapstonePC/CapstonePC/CapstonePrototype/Saved/TopDownExampleMapCD6E651C4219738AA3B914B862306BB4.tmp' to '../../../../../../Users/Sean/Documents/GitHub/CapstonePC/CapstonePC/CapstonePrototype/Content/TopDownBP/Maps/TopDownExampleMap.umap'
[2016.03.29-20.24.38:990][208]LogSavePackage: Total save time: 1507.894319ms
[2016.03.29-20.24.38:990][208]LogSavePackage:Display: Finished SavePackage ../../../../../../Users/Sean/Documents/GitHub/CapstonePC/CapstonePC/CapstonePrototype/Content/TopDownBP/Maps/TopDownExampleMap.umap
[2016.03.29-20.24.39:177][208]LogFileHelpers: Saving map 'TopDownExampleMap' took 1.986
[2016.03.29-20.24.39:394][208]LogSavePackage: Save=155.301468ms
[2016.03.29-20.24.39:395][208]LogSavePackage: Moving '../../../../../../Users/Sean/Documents/GitHub/CapstonePC/CapstonePC/CapstonePrototype/Saved/TopDownCharacterB222F242458ED220B533A19F65C16584.tmp' to '../../../../../../Users/Sean/Documents/GitHub/CapstonePC/CapstonePC/CapstonePrototype/Content/TopDownBP/Blueprints/TopDownCharacter.uasset'
[2016.03.29-20.24.39:403][208]LogSavePackage: Total save time: 166.112330ms
[2016.03.29-20.24.39:403][208]LogSavePackage:Display: Finished SavePackage ../../../../../../Users/Sean/Documents/GitHub/CapstonePC/CapstonePC/CapstonePrototype/Content/TopDownBP/Blueprints/TopDownCharacter.uasset
[2016.03.29-20.24.41:245][289]LogBlueprintUserMessages: Early PlayInEditor Detection: Level '/Game/TopDownBP/Maps/TopDownExampleMap.TopDownExampleMap:PersistentLevel' has LevelScriptBlueprint '/Game/TopDownBP/Maps/TopDownExampleMap.TopDownExampleMap:PersistentLevel.TopDownExampleMap' with GeneratedClass '/Game/TopDownBP/Maps/TopDownExampleMap.TopDownExampleMap_C' with ClassGeneratedBy '/Game/TopDownBP/Maps/TopDownExampleMap.TopDownExampleMap:PersistentLevel.TopDownExampleMap'
[2016.03.29-20.24.41:246][289]BlueprintLog: New page: Pre-Play auto-recompile
[2016.03.29-20.24.41:255][289]LogActorComponent: UnregisterComponent: (/Engine/Transient.CharMoveComp) Not registered. Aborting.
[2016.03.29-20.24.41:266][289]LogPlayLevel: [PlayLevel] Compiling TopDownCharacter before play...
[2016.03.29-20.24.41:516][289]LogPlayLevel: PlayLevel: Blueprint regeneration took 270 ms (1 blueprints)
[2016.03.29-20.24.41:597][289]PIE: New page: PIE session: TopDownExampleMap (Mar 29, 2016, 12:24:41 PM)
[2016.03.29-20.24.41:597][289]LogPlayLevel: Creating play world package: /Game/TopDownBP/Maps/UEDPIE_0_TopDownExampleMap
[2016.03.29-20.24.41:662][289]LogPlayLevel: PIE: StaticDuplicateObject took: (0.065180s)
[2016.03.29-20.24.41:664][289]LogAIModule: Creating AISystem for world TopDownExampleMap
[2016.03.29-20.24.41:665][289]LogPlayLevel: PIE: World Init took: (0.002191s)
[2016.03.29-20.24.41:666][289]LogPlayLevel: PIE: Created PIE world by copying editor world from /Game/TopDownBP/Maps/TopDownExampleMap.TopDownExampleMap to /Game/TopDownBP/Maps/UEDPIE_0_TopDownExampleMap.TopDownExampleMap (0.067935s)
[2016.03.29-20.24.41:783][289]LogInit: XAudio2 using 'Speakers (Conexant SmartAudio HD)' : 2 channels at 48 kHz using 32 bits per sample (channel mask 0x3)
[2016.03.29-20.24.41:808][289]LogInit: FAudioDevice initialized.
[2016.03.29-20.24.41:862][289]LogWorld: Game class is 'TopDownGameMode_C'
[2016.03.29-20.24.41:879][289]LogWorld: Bringing World /Game/TopDownBP/Maps/UEDPIE_0_TopDownExampleMap.TopDownExampleMap up for play (max tick rate 0) at 2016.03.29-16.24.41
[2016.03.29-20.24.41:879][289]LogActor:Warning: GameSession /Game/TopDownBP/Maps/UEDPIE_0_TopDownExampleMap.TopDownExampleMap:PersistentLevel.GameSession_3 has natively added scene component(s), but none of them were set as the actor's RootComponent - picking one arbitrarily
[2016.03.29-20.24.41:880][289]LogActor:Warning: GameNetworkManager /Game/TopDownBP/Maps/UEDPIE_0_TopDownExampleMap.TopDownExampleMap:PersistentLevel.GameNetworkManager_3 has natively added scene component(s), but none of them were set as the actor's RootComponent - picking one arbitrarily
[2016.03.29-20.24.41:881][289]LogWorld: Bringing up level for play took: 0.014857
[2016.03.29-20.24.41:884][289]PIE: Info Play in editor start time for /Game/TopDownBP/Maps/UEDPIE_0_TopDownExampleMap 1.337
[2016.03.29-20.24.41:884][289]LogBlueprintUserMessages: Late PlayInEditor Detection: Level '/Game/TopDownBP/Maps/TopDownExampleMap.TopDownExampleMap:PersistentLevel' has LevelScriptBlueprint '/Game/TopDownBP/Maps/TopDownExampleMap.TopDownExampleMap:PersistentLevel.TopDownExampleMap' with GeneratedClass '/Game/TopDownBP/Maps/TopDownExampleMap.TopDownExampleMap_C' with ClassGeneratedBy '/Game/TopDownBP/Maps/TopDownExampleMap.TopDownExampleMap:PersistentLevel.TopDownExampleMap'
[2016.03.29-20.25.07:621][  0]LogBlueprintUserMessages: Early EndPlayMap Detection: Level '/Game/TopDownBP/Maps/TopDownExampleMap.TopDownExampleMap:PersistentLevel' has LevelScriptBlueprint '/Game/TopDownBP/Maps/TopDownExampleMap.TopDownExampleMap:PersistentLevel.TopDownExampleMap' with GeneratedClass '/Game/TopDownBP/Maps/TopDownExampleMap.TopDownExampleMap_C' with ClassGeneratedBy '/Game/TopDownBP/Maps/TopDownExampleMap.TopDownExampleMap:PersistentLevel.TopDownExampleMap'
[2016.03.29-20.25.07:771][  0]LogBlueprintUserMessages: Late EndPlayMap Detection: Level '/Game/TopDownBP/Maps/TopDownExampleMap.TopDownExampleMap:PersistentLevel' has LevelScriptBlueprint '/Game/TopDownBP/Maps/TopDownExampleMap.TopDownExampleMap:PersistentLevel.TopDownExampleMap' with GeneratedClass '/Game/TopDownBP/Maps/TopDownExampleMap.TopDownExampleMap_C' with ClassGeneratedBy '/Game/TopDownBP/Maps/TopDownExampleMap.TopDownExampleMap:PersistentLevel.TopDownExampleMap'
[2016.03.29-20.25.07:772][  0]LogActorComponent: UnregisterComponent: (/Engine/Transient.CharMoveComp) Not registered. Aborting.
[2016.03.29-20.25.07:939][  1]LogParticles: Destroying 0 GPU particle simulations for FXSystem 0x0000020CA2F367A0
[2016.03.29-20.25.17:337][703]LogBlueprintUserMessages: Early PlayInEditor Detection: Level '/Game/TopDownBP/Maps/TopDownExampleMap.TopDownExampleMap:PersistentLevel' has LevelScriptBlueprint '/Game/TopDownBP/Maps/TopDownExampleMap.TopDownExampleMap:PersistentLevel.TopDownExampleMap' with GeneratedClass '/Game/TopDownBP/Maps/TopDownExampleMap.TopDownExampleMap_C' with ClassGeneratedBy '/Game/TopDownBP/Maps/TopDownExampleMap.TopDownExampleMap:PersistentLevel.TopDownExampleMap'
[2016.03.29-20.25.17:338][703]BlueprintLog: New page: Pre-Play auto-recompile
[2016.03.29-20.25.17:341][703]LogActorComponent: UnregisterComponent: (/Engine/Transient.CharMoveComp) Not registered. Aborting.
[2016.03.29-20.25.17:347][703]LogPlayLevel: [PlayLevel] Compiling TopDownCharacter before play...
[2016.03.29-20.25.17:419][703]LogPlayLevel: PlayLevel: Blueprint regeneration took 80 ms (1 blueprints)
[2016.03.29-20.25.17:443][703]PIE: New page: PIE session: TopDownExampleMap (Mar 29, 2016, 12:25:17 PM)
[2016.03.29-20.25.17:443][703]LogPlayLevel: Creating play world package: /Game/TopDownBP/Maps/UEDPIE_0_TopDownExampleMap
[2016.03.29-20.25.17:464][703]LogPlayLevel: PIE: StaticDuplicateObject took: (0.020955s)
[2016.03.29-20.25.17:465][703]LogAIModule: Creating AISystem for world TopDownExampleMap
[2016.03.29-20.25.17:465][703]LogPlayLevel: PIE: World Init took: (0.001060s)
[2016.03.29-20.25.17:466][703]LogPlayLevel: PIE: Created PIE world by copying editor world from /Game/TopDownBP/Maps/TopDownExampleMap.TopDownExampleMap to /Game/TopDownBP/Maps/UEDPIE_0_TopDownExampleMap.TopDownExampleMap (0.022236s)
[2016.03.29-20.25.17:522][703]LogInit: XAudio2 using 'Speakers (Conexant SmartAudio HD)' : 2 channels at 48 kHz using 32 bits per sample (channel mask 0x3)
[2016.03.29-20.25.17:529][703]LogInit: FAudioDevice initialized.
[2016.03.29-20.25.17:577][703]LogWorld: Game class is 'TopDownGameMode_C'
[2016.03.29-20.25.17:589][703]LogWorld: Bringing World /Game/TopDownBP/Maps/UEDPIE_0_TopDownExampleMap.TopDownExampleMap up for play (max tick rate 0) at 2016.03.29-16.25.17
[2016.03.29-20.25.17:589][703]LogActor:Warning: GameSession /Game/TopDownBP/Maps/UEDPIE_0_TopDownExampleMap.TopDownExampleMap:PersistentLevel.GameSession_4 has natively added scene component(s), but none of them were set as the actor's RootComponent - picking one arbitrarily
[2016.03.29-20.25.17:590][703]LogActor:Warning: GameNetworkManager /Game/TopDownBP/Maps/UEDPIE_0_TopDownExampleMap.TopDownExampleMap:PersistentLevel.GameNetworkManager_4 has natively added scene component(s), but none of them were set as the actor's RootComponent - picking one arbitrarily
[2016.03.29-20.25.17:590][703]LogWorld: Bringing up level for play took: 0.010446
[2016.03.29-20.25.17:593][703]PIE: Info Play in editor start time for /Game/TopDownBP/Maps/UEDPIE_0_TopDownExampleMap 1.046
[2016.03.29-20.25.17:593][703]LogBlueprintUserMessages: Late PlayInEditor Detection: Level '/Game/TopDownBP/Maps/TopDownExampleMap.TopDownExampleMap:PersistentLevel' has LevelScriptBlueprint '/Game/TopDownBP/Maps/TopDownExampleMap.TopDownExampleMap:PersistentLevel.TopDownExampleMap' with GeneratedClass '/Game/TopDownBP/Maps/TopDownExampleMap.TopDownExampleMap_C' with ClassGeneratedBy '/Game/TopDownBP/Maps/TopDownExampleMap.TopDownExampleMap:PersistentLevel.TopDownExampleMap'
[2016.03.29-20.26.03:924][978]LogActorComponent: UnregisterComponent: (/Engine/Transient.CharMoveComp) Not registered. Aborting.
[2016.03.29-20.26.05:348][978]LogSavePackage: Save=1346.753784ms
[2016.03.29-20.26.05:348][978]LogSavePackage: Moving '../../../../../../Users/Sean/Documents/GitHub/CapstonePC/CapstonePC/CapstonePrototype/Saved/TopDownExampleMap5683994149D51C3599D87886B3E996B0.tmp' to '../../../../../../Users/Sean/Documents/GitHub/CapstonePC/CapstonePC/CapstonePrototype/Content/TopDownBP/Maps/TopDownExampleMap.umap'
[2016.03.29-20.26.05:359][978]LogSavePackage: Total save time: 1360.897437ms
[2016.03.29-20.26.05:359][978]LogSavePackage:Display: Finished SavePackage ../../../../../../Users/Sean/Documents/GitHub/CapstonePC/CapstonePC/CapstonePrototype/Content/TopDownBP/Maps/TopDownExampleMap.umap
[2016.03.29-20.26.07:927][139]LogBlueprintUserMessages: Early EndPlayMap Detection: Level '/Game/TopDownBP/Maps/TopDownExampleMap.TopDownExampleMap:PersistentLevel' has LevelScriptBlueprint '/Game/TopDownBP/Maps/TopDownExampleMap.TopDownExampleMap:PersistentLevel.TopDownExampleMap' with GeneratedClass '/Game/TopDownBP/Maps/TopDownExampleMap.TopDownExampleMap_C' with ClassGeneratedBy '/Game/TopDownBP/Maps/TopDownExampleMap.TopDownExampleMap:PersistentLevel.TopDownExampleMap'
[2016.03.29-20.26.55:977][139]LogOutputDevice:Warning: === Handled error: ===

Ensure condition failed: NewObject->IsA(this->GeneratedClass) [File:D:\BuildFarm\buildmachine_++depot+UE4-Releases+4.10\Engine\Source\Runtime\Engine\Private\Blueprint.cpp] [Line: 634]
Type mismatch: Expected TopDownExampleMap_C, Found LevelScriptBlueprint
Stack: 
UE4Editor-Core.dll!FWindowsPlatformStackWalk::StackWalkAndDump() [d:\buildfarm\buildmachine_++depot+ue4-releases+4.10\engine\source\runtime\core\private\windows\windowsplatformstackwalk.cpp:175]
UE4Editor-Core.dll!FDebug::EnsureFailed() [d:\buildfarm\buildmachine_++depot+ue4-releases+4.10\engine\source\runtime\core\private\misc\outputdevice.cpp:276]
UE4Editor-Core.dll!FDebug::OptionallyLogFormattedEnsureMessageReturningFalse() [d:\buildfarm\buildmachine_++depot+ue4-releases+4.10\engine\source\runtime\core\private\misc\outputdevice.cpp:385]
UE4Editor-Engine.dll!UBlueprint::SetObjectBeingDebugged() [d:\buildfarm\buildmachine_++depot+ue4-releases+4.10\engine\source\runtime\engine\private\blueprint.cpp:630]
UE4Editor-Engine.dll!UWorld::TransferBlueprintDebugReferences() [d:\buildfarm\buildmachine_++depot+ue4-releases+4.10\engine\source\runtime\engine\private\world.cpp:1582]
UE4Editor-UnrealEd.dll!UEditorEngine::TeardownPlaySession() [d:\buildfarm\buildmachine_++depot+ue4-releases+4.10\engine\source\editor\unrealed\private\playlevel.cpp:589]
UE4Editor-UnrealEd.dll!UEditorEngine::EndPlayMap() [d:\buildfarm\buildmachine_++depot+ue4-releases+4.10\engine\source\editor\unrealed\private\playlevel.cpp:218]
UE4Editor-UnrealEd.dll!UEditorEngine::Tick() [d:\buildfarm\buildmachine_++depot+ue4-releases+4.10\engine\source\editor\unrealed\private\editorengine.cpp:1579]
UE4Editor-UnrealEd.dll!UUnrealEdEngine::Tick() [d:\buildfarm\buildmachine_++depot+ue4-releases+4.10\engine\source\editor\unrealed\private\unrealedengine.cpp:361]
UE4Editor.exe!FEngineLoop::Tick() [d:\buildfarm\buildmachine_++depot+ue4-releases+4.10\engine\source\runtime\launch\private\launchengineloop.cpp:2427]
UE4Editor.exe!GuardedMain() [d:\buildfarm\buildmachine_++depot+ue4-releases+4.10\engine\source\runtime\launch\private\launch.cpp:142]
UE4Editor.exe!GuardedMainWrapper() [d:\buildfarm\buildmachine_++depot+ue4-releases+4.10\engine\source\runtime\launch\private\windows\launchwindows.cpp:126]
UE4Editor.exe!WinMain() [d:\buildfarm\buildmachine_++depot+ue4-releases+4.10\engine\source\runtime\launch\private\windows\launchwindows.cpp:200]
UE4Editor.exe!__scrt_common_main_seh() [f:\dd\vctools\crt\vcstartup\src\startup\exe_common.inl:264]
KERNEL32.DLL
ntdll.dll
ntdll.dll

[2016.03.29-20.27.04:263][139]LogBlueprintUserMessages: Late EndPlayMap Detection: Level '/Game/TopDownBP/Maps/TopDownExampleMap.TopDownExampleMap:PersistentLevel' has LevelScriptBlueprint '/Game/TopDownBP/Maps/TopDownExampleMap.TopDownExampleMap:PersistentLevel.TopDownExampleMap' with GeneratedClass '/Game/TopDownBP/Maps/TopDownExampleMap.TopDownExampleMap_C' with ClassGeneratedBy '/Game/TopDownBP/Maps/TopDownExampleMap.TopDownExampleMap:PersistentLevel.TopDownExampleMap'
[2016.03.29-20.27.04:300][139]LogParticles: Destroying 0 GPU particle simulations for FXSystem 0x0000020D0E7BE200
[2016.03.29-20.27.10:945][424]LogSavePackage: Save=157.575043ms
[2016.03.29-20.27.10:945][424]LogSavePackage: Moving '../../../../../../Users/Sean/Documents/GitHub/CapstonePC/CapstonePC/CapstonePrototype/Saved/TopDownCharacterCF761D7B437A31F5BA84C5A0FA05450C.tmp' to '../../../../../../Users/Sean/Documents/GitHub/CapstonePC/CapstonePC/CapstonePrototype/Content/TopDownBP/Blueprints/TopDownCharacter.uasset'
[2016.03.29-20.27.10:954][424]LogSavePackage: Total save time: 169.742156ms
[2016.03.29-20.27.10:954][424]LogSavePackage:Display: Finished SavePackage ../../../../../../Users/Sean/Documents/GitHub/CapstonePC/CapstonePC/CapstonePrototype/Content/TopDownBP/Blueprints/TopDownCharacter.uasset
[2016.03.29-20.27.13:003][539]LogActorComponent: UnregisterComponent: (/Engine/Transient.CharMoveComp) Not registered. Aborting.
[2016.03.29-20.27.14:181][540]Cmd: QUIT_EDITOR
[2016.03.29-20.27.14:439][540]LogWindowsTextInputMethodSystem:Display: IME system now deactivated.
[2016.03.29-20.27.14:680][540]LogExit: Preparing to exit.
[2016.03.29-20.27.15:002][540]LogExit: Editor shut down
[2016.03.29-20.27.15:003][540]LogExit: Transaction tracking system shut down
[2016.03.29-20.27.15:011][540]LogParticles: Destroying 0 GPU particle simulations for FXSystem 0x0000020CDD3B5A80
[2016.03.29-20.27.15:011][540]LogParticles: Destroying 0 GPU particle simulations for FXSystem 0x0000020CDD3B6C00
[2016.03.29-20.27.15:016][540]LogParticles: Destroying 0 GPU particle simulations for FXSystem 0x0000020CF1247E20
[2016.03.29-20.27.15:016][540]LogParticles: Destroying 0 GPU particle simulations for FXSystem 0x0000020C89511080
[2016.03.29-20.27.15:016][540]LogParticles: Destroying 0 GPU particle simulations for FXSystem 0x0000020CC34D8B80
[2016.03.29-20.27.15:016][540]LogParticles: Destroying 0 GPU particle simulations for FXSystem 0x0000020CC3552FC0
[2016.03.29-20.27.15:019][540]LogParticles: Destroying 0 GPU particle simulations for FXSystem 0x0000020CBC5CFD80
[2016.03.29-20.27.15:020][540]LogParticles: Destroying 0 GPU particle simulations for FXSystem 0x0000020CD766A8E0
[2016.03.29-20.27.15:658][540]LogExit: Object subsystem successfully closed.
[2016.03.29-20.27.15:684][540]LogD3D11RHI: Shutdown
[2016.03.29-20.27.15:684][540]LogD3D11RHI: CleanupD3DDevice
[2016.03.29-20.27.16:004][540]LogD3D11RHI: ~FD3D11DynamicRHI
[2016.03.29-20.27.16:051][540]LogModuleManager: Shutting down and abandoning module CookingStats (200)
[2016.03.29-20.27.16:051][540]LogModuleManager: Shutting down and abandoning module BlueprintGraph (199)
[2016.03.29-20.27.16:051][540]LogModuleManager: Shutting down and abandoning module CrashTracker (198)
[2016.03.29-20.27.16:051][540]LogModuleManager: Shutting down and abandoning module SceneOutliner (197)
[2016.03.29-20.27.16:051][540]LogModuleManager: Shutting down and abandoning module SuperSearch (196)
[2016.03.29-20.27.16:051][540]LogModuleManager: Shutting down and abandoning module WidgetCarousel (195)
[2016.03.29-20.27.16:058][540]LogModuleManager: Shutting down and abandoning module AddContentDialog (194)
[2016.03.29-20.27.16:079][540]LogModuleManager: Shutting down and abandoning module EditorWidgets (193)
[2016.03.29-20.27.16:079][540]LogModuleManager: Shutting down and abandoning module CollectionManager (192)
[2016.03.29-20.27.16:079][540]LogModuleManager: Shutting down and abandoning module StatsViewer (191)
[2016.03.29-20.27.16:079][540]LogModuleManager: Shutting down and abandoning module FoliageEdit (190)
[2016.03.29-20.27.16:079][540]LogModuleManager: Shutting down and abandoning module LandscapeEditor (189)
[2016.03.29-20.27.16:080][540]LogModuleManager: Shutting down and abandoning module ActorPickerMode (188)
[2016.03.29-20.27.16:080][540]LogModuleManager: Shutting down and abandoning module GeometryMode (187)
[2016.03.29-20.27.16:080][540]LogModuleManager: Shutting down and abandoning module TextureAlignMode (186)
[2016.03.29-20.27.16:080][540]LogModuleManager: Shutting down and abandoning module BspMode (185)
[2016.03.29-20.27.16:080][540]LogModuleManager: Shutting down and abandoning module PlacementMode (184)
[2016.03.29-20.27.16:080][540]LogModuleManager: Shutting down and abandoning module AutomationWorker (183)
[2016.03.29-20.27.16:080][540]LogModuleManager: Shutting down and abandoning module CharacterAI (182)
[2016.03.29-20.27.16:080][540]LogModuleManager: Shutting down and abandoning module SmartSnapping (181)
[2016.03.29-20.27.16:080][540]LogModuleManager: Shutting down and abandoning module ViewportSnapping (180)
[2016.03.29-20.27.16:080][540]LogModuleManager: Shutting down and abandoning module LogVisualizer (179)
[2016.03.29-20.27.16:081][540]LogModuleManager: Shutting down and abandoning module GameProjectGeneration (178)
[2016.03.29-20.27.16:081][540]LogModuleManager: Shutting down and abandoning module IntroTutorials (177)
[2016.03.29-20.27.16:081][540]LogModuleManager: Shutting down and abandoning module EditorLiveStreaming (176)
[2016.03.29-20.27.16:081][540]LogModuleManager: Shutting down and abandoning module IOSPlatformEditor (175)
[2016.03.29-20.27.16:081][540]LogModuleManager: Shutting down and abandoning module HTML5PlatformEditor (174)
[2016.03.29-20.27.16:081][540]LogModuleManager: Shutting down and abandoning module AndroidDeviceDetection (173)
[2016.03.29-20.27.16:795][540]LogModuleManager: Shutting down and abandoning module AndroidPlatformEditor (172)
[2016.03.29-20.27.16:796][540]LogModuleManager: Shutting down and abandoning module IOSRuntimeSettings (171)
[2016.03.29-20.27.16:796][540]LogModuleManager: Shutting down and abandoning module AndroidRuntimeSettings (170)
[2016.03.29-20.27.16:796][540]LogModuleManager: Shutting down and abandoning module MergeActors (169)
[2016.03.29-20.27.16:796][540]LogModuleManager: Shutting down and abandoning module SizeMap (168)
[2016.03.29-20.27.16:796][540]LogModuleManager: Shutting down and abandoning module TreeMap (167)
[2016.03.29-20.27.16:796][540]LogModuleManager: Shutting down and abandoning module ReferenceViewer (166)
[2016.03.29-20.27.16:796][540]LogModuleManager: Shutting down and abandoning module LocalizationService (165)
[2016.03.29-20.27.16:796][540]LogModuleManager: Shutting down and abandoning module LocalizationDashboard (164)
[2016.03.29-20.27.16:796][540]LogModuleManager: Shutting down and abandoning module HardwareTargeting (163)
[2016.03.29-20.27.16:796][540]LogModuleManager: Shutting down and abandoning module DeviceProfileEditor (162)
[2016.03.29-20.27.16:796][540]LogModuleManager: Shutting down and abandoning module UndoHistory (161)
[2016.03.29-20.27.16:796][540]LogModuleManager: Shutting down and abandoning module GameplayTagsEditor (160)
[2016.03.29-20.27.16:796][540]LogModuleManager: Shutting down and abandoning module UserFeedback (159)
[2016.03.29-20.27.16:796][540]LogModuleManager: Shutting down and abandoning module XmlParser (158)
[2016.03.29-20.27.16:796][540]LogModuleManager: Shutting down and abandoning module Blutility (157)
[2016.03.29-20.27.16:796][540]LogModuleManager: Shutting down and abandoning module ProjectTargetPlatformEditor (156)
[2016.03.29-20.27.16:796][540]LogModuleManager: Shutting down and abandoning module ProjectSettingsViewer (155)
[2016.03.29-20.27.16:796][540]LogModuleManager: Shutting down and abandoning module InputBindingEditor (154)
[2016.03.29-20.27.16:797][540]LogModuleManager: Shutting down and abandoning module EditorSettingsViewer (153)
[2016.03.29-20.27.16:797][540]LogModuleManager: Shutting down and abandoning module SettingsEditor (152)
[2016.03.29-20.27.16:797][540]LogModuleManager: Shutting down and abandoning module ProjectLauncher (151)
[2016.03.29-20.27.16:797][540]LogModuleManager: Shutting down and abandoning module SessionFrontend (150)
[2016.03.29-20.27.16:797][540]LogModuleManager: Shutting down and abandoning module ProfilerClient (149)
[2016.03.29-20.27.16:797][540]LogModuleManager: Shutting down and abandoning module TargetDeviceServices (148)
[2016.03.29-20.27.16:797][540]LogModuleManager: Shutting down and abandoning module DeviceManager (147)
[2016.03.29-20.27.16:797][540]LogModuleManager: Shutting down and abandoning module AutomationController (146)
[2016.03.29-20.27.16:797][540]LogModuleManager: Shutting down and abandoning module AutomationWindow (145)
[2016.03.29-20.27.16:797][540]LogModuleManager: Shutting down and abandoning module Layers (144)
[2016.03.29-20.27.16:797][540]LogModuleManager: Shutting down and abandoning module ComponentVisualizers (143)
[2016.03.29-20.27.16:798][540]LogModuleManager: Shutting down and abandoning module DetailCustomizations (142)
[2016.03.29-20.27.16:798][540]LogModuleManager: Shutting down and abandoning module PackagesDialog (141)
[2016.03.29-20.27.16:798][540]LogModuleManager: Shutting down and abandoning module Persona (140)
[2016.03.29-20.27.16:798][540]LogModuleManager: Shutting down and abandoning module Kismet (139)
[2016.03.29-20.27.16:798][540]LogModuleManager: Shutting down and abandoning module GraphEditor (138)
[2016.03.29-20.27.16:798][540]LogModuleManager: Shutting down and abandoning module ClassViewer (137)
[2016.03.29-20.27.16:798][540]LogModuleManager: Shutting down and abandoning module Toolbox (136)
[2016.03.29-20.27.16:798][540]LogModuleManager: Shutting down and abandoning module ModuleUI (135)
[2016.03.29-20.27.16:798][540]LogModuleManager: Shutting down and abandoning module MovieSceneTools (134)
[2016.03.29-20.27.16:798][540]LogModuleManager: Shutting down and abandoning module OutputLog (133)
[2016.03.29-20.27.16:798][540]LogModuleManager: Shutting down and abandoning module GammaUI (132)
[2016.03.29-20.27.16:798][540]LogModuleManager: Shutting down and abandoning module Documentation (131)
[2016.03.29-20.27.16:799][540]LogModuleManager: Shutting down and abandoning module GameLiveStreaming (130)
[2016.03.29-20.27.16:799][540]LogModuleManager: Shutting down and abandoning module StreamingPauseRendering (129)
[2016.03.29-20.27.16:799][540]LogModuleManager: Shutting down and abandoning module AnalyticsET (128)
[2016.03.29-20.27.16:799][540]LogModuleManager: Shutting down and abandoning module Analytics (127)
[2016.03.29-20.27.16:799][540]LogModuleManager: Shutting down and abandoning module AITestSuite (126)
[2016.03.29-20.27.16:799][540]LogModuleManager: Shutting down and abandoning module GameplayDebugger (125)
[2016.03.29-20.27.16:799][540]LogModuleManager: Shutting down and abandoning module AIModule (124)
[2016.03.29-20.27.16:799][540]LogModuleManager: Shutting down and abandoning module ProfilerService (123)
[2016.03.29-20.27.16:809][540]LogModuleManager: Shutting down and abandoning module TaskGraph (122)
[2016.03.29-20.27.16:809][540]LogModuleManager: Shutting down and abandoning module SlateRemote (121)
[2016.03.29-20.27.16:809][540]LogModuleManager: Shutting down and abandoning module SteamVRController (120)
[2016.03.29-20.27.16:809][540]LogModuleManager: Shutting down and abandoning module SteamVR (119)
[2016.03.29-20.27.16:809][540]LogModuleManager: Shutting down and abandoning module ProceduralMeshComponent (118)
[2016.03.29-20.27.16:809][540]LogModuleManager: Shutting down and abandoning module OculusLibrary (117)
[2016.03.29-20.27.16:809][540]LogModuleManager: Shutting down and abandoning module OculusInput (116)
[2016.03.29-20.27.16:809][540]LogModuleManager: Shutting down and abandoning module LeapMotionController (115)
[2016.03.29-20.27.16:898][540]LogModuleManager: Shutting down and abandoning module CustomMeshComponent (114)
[2016.03.29-20.27.16:898][540]LogModuleManager: Shutting down and abandoning module CableComponent (113)
[2016.03.29-20.27.16:898][540]LogModuleManager: Shutting down and abandoning module ArchVisCharacter (112)
[2016.03.29-20.27.16:898][540]LogModuleManager: Shutting down and abandoning module MessagingDebugger (111)
[2016.03.29-20.27.16:898][540]LogModuleManager: Shutting down and abandoning module MediaPlayerEditor (110)
[2016.03.29-20.27.16:898][540]LogModuleManager: Shutting down and abandoning module HTML5Networking (109)
[2016.03.29-20.27.16:898][540]LogModuleManager: Shutting down and abandoning module SpeedTreeImporter (108)
[2016.03.29-20.27.16:898][540]LogModuleManager: Shutting down and abandoning module PluginBrowser (107)
[2016.03.29-20.27.16:898][540]LogModuleManager: Shutting down and abandoning module EpicSurvey (106)
[2016.03.29-20.27.16:916][540]LogModuleManager: Shutting down and abandoning module DesktopPlatform (105)
[2016.03.29-20.27.16:916][540]LogModuleManager: Shutting down and abandoning module VisualStudioSourceCodeAccess (104)
[2016.03.29-20.27.16:916][540]LogModuleManager: Shutting down and abandoning module UObjectPlugin (103)
[2016.03.29-20.27.16:916][540]LogModuleManager: Shutting down and abandoning module SubversionSourceControl (102)
[2016.03.29-20.27.16:916][540]LogModuleManager: Shutting down and abandoning module PerforceSourceControl (101)
[2016.03.29-20.27.16:916][540]LogModuleManager: Shutting down and abandoning module SourceControl (100)
[2016.03.29-20.27.16:916][540]LogModuleManager: Shutting down and abandoning module GitSourceControl (99)
[2016.03.29-20.27.16:916][540]LogModuleManager: Shutting down and abandoning module LightPropagationVolumeEditor (98)
[2016.03.29-20.27.16:916][540]LogModuleManager: Shutting down and abandoning module PaperTiledImporter (97)
[2016.03.29-20.27.16:916][540]LogModuleManager: Shutting down and abandoning module PaperSpriteSheetImporter (96)
[2016.03.29-20.27.16:916][540]LogModuleManager: Shutting down and abandoning module MeshPaint (95)
[2016.03.29-20.27.16:916][540]LogModuleManager: Shutting down and abandoning module SlateReflector (94)
[2016.03.29-20.27.16:916][540]LogModuleManager: Shutting down and abandoning module HotReload (93)
[2016.03.29-20.27.16:916][540]LogModuleManager: Shutting down and abandoning module MainFrame (92)
[2016.03.29-20.27.16:916][540]LogModuleManager: Shutting down and abandoning module LevelEditor (91)
[2016.03.29-20.27.16:919][540]LogModuleManager: Shutting down and abandoning module DirectoryWatcher (90)
[2016.03.29-20.27.16:924][540]LogModuleManager: Shutting down and abandoning module AssetRegistry (89)
[2016.03.29-20.27.17:057][540]LogModuleManager: Shutting down and abandoning module ContentBrowser (88)
[2016.03.29-20.27.17:060][540]LogModuleManager: Shutting down and abandoning module Paper2DEditor (87)
[2016.03.29-20.27.17:060][540]LogModuleManager: Shutting down and abandoning module UdpMessaging (86)
[2016.03.29-20.27.17:162][540]LogModuleManager: Shutting down and abandoning module LightPropagationVolumeRuntime (85)
[2016.03.29-20.27.17:162][540]LogModuleManager: Shutting down and abandoning module Paper2D (84)
[2016.03.29-20.27.17:162][540]LogModuleManager: Shutting down and abandoning module WindowsMoviePlayer (83)
[2016.03.29-20.27.17:170][540]LogModuleManager: Shutting down and abandoning module Media (82)
[2016.03.29-20.27.17:170][540]LogModuleManager: Shutting down and abandoning module WmfMedia (81)
[2016.03.29-20.27.17:171][540]LogModuleManager: Shutting down and abandoning module OnlineBlueprintSupport (80)
[2016.03.29-20.27.17:171][540]LogModuleManager: Shutting down and abandoning module GameplayTasksEditor (79)
[2016.03.29-20.27.17:171][540]LogModuleManager: Shutting down and abandoning module PropertyEditor (78)
[2016.03.29-20.27.17:171][540]LogModuleManager: Shutting down and abandoning module BehaviorTreeEditor (77)
[2016.03.29-20.27.17:171][540]LogModuleManager: Shutting down and abandoning module FunctionalTesting (76)
[2016.03.29-20.27.17:171][540]LogModuleManager: Shutting down and abandoning module CollisionAnalyzer (75)
[2016.03.29-20.27.17:171][540]LogModuleManager: Shutting down and abandoning module WorkspaceMenuStructure (74)
[2016.03.29-20.27.17:172][540]LogModuleManager: Shutting down and abandoning module MessageLog (73)
[2016.03.29-20.27.17:172][540]LogModuleManager: Shutting down and abandoning module Sequencer (72)
[2016.03.29-20.27.17:172][540]LogModuleManager: Shutting down and abandoning module AssetTools (71)
[2016.03.29-20.27.17:172][540]LogModuleManager: Shutting down and abandoning module UMGEditor (70)
[2016.03.29-20.27.17:172][540]LogModuleManager: Shutting down and abandoning module UMG (69)
[2016.03.29-20.27.17:172][540]LogModuleManager: Shutting down and abandoning module Slate (68)
[2016.03.29-20.27.17:172][540]LogModuleManager: Shutting down and abandoning module EditorStyle (67)
[2016.03.29-20.27.17:179][540]LogModuleManager: Shutting down and abandoning module SessionServices (66)
[2016.03.29-20.27.17:179][540]LogModuleManager: Shutting down and abandoning module SourceCodeAccess (65)
[2016.03.29-20.27.17:180][540]LogModuleManager: Shutting down and abandoning module HeadMountedDisplay (64)
[2016.03.29-20.27.17:180][540]LogModuleManager: Shutting down and abandoning module XAudio2 (63)
[2016.03.29-20.27.17:180][540]LogModuleManager: Shutting down and abandoning module Networking (61)
[2016.03.29-20.27.17:180][540]LogModuleManager: Shutting down and abandoning module Core (60)
[2016.03.29-20.27.17:180][540]LogModuleManager: Shutting down and abandoning module KismetCompiler (59)
[2016.03.29-20.27.17:180][540]LogModuleManager: Shutting down and abandoning module PhysXFormats (58)
[2016.03.29-20.27.17:180][540]LogModuleManager: Shutting down and abandoning module MeshUtilities (57)
[2016.03.29-20.27.17:180][540]LogModuleManager: Shutting down and abandoning module DerivedDataCache (56)
[2016.03.29-20.27.17:228][540]LogDerivedDataCache: Shutdown
[2016.03.29-20.27.17:228][540]LogModuleManager: Shutting down and abandoning module ShaderFormatOpenGL (55)
[2016.03.29-20.27.17:228][540]LogModuleManager: Shutting down and abandoning module ShaderFormatD3D (54)
[2016.03.29-20.27.17:228][540]LogModuleManager: Shutting down and abandoning module MetalShaderFormat (53)
[2016.03.29-20.27.17:228][540]LogModuleManager: Shutting down and abandoning module TextureFormatUncompressed (52)
[2016.03.29-20.27.17:228][540]LogModuleManager: Shutting down and abandoning module TextureFormatPVR (51)
[2016.03.29-20.27.17:228][540]LogModuleManager: Shutting down and abandoning module TextureFormatIntelISPCTexComp (50)
[2016.03.29-20.27.17:228][540]LogModuleManager: Shutting down and abandoning module TextureFormatDXT (49)
[2016.03.29-20.27.17:228][540]LogModuleManager: Shutting down and abandoning module ImageWrapper (48)
[2016.03.29-20.27.17:228][540]LogModuleManager: Shutting down and abandoning module TextureFormatASTC (47)
[2016.03.29-20.27.17:228][540]LogModuleManager: Shutting down and abandoning module TextureFormatAndroid (46)
[2016.03.29-20.27.17:228][540]LogModuleManager: Shutting down and abandoning module AudioFormatOpus (45)
[2016.03.29-20.27.17:228][540]LogModuleManager: Shutting down and abandoning module AudioFormatOgg (44)
[2016.03.29-20.27.17:228][540]LogModuleManager: Shutting down and abandoning module AudioFormatADPCM (43)
[2016.03.29-20.27.17:228][540]LogModuleManager: Shutting down and abandoning module LinuxTargetPlatform (42)
[2016.03.29-20.27.17:228][540]LogModuleManager: Shutting down and abandoning module LinuxServerTargetPlatform (41)
[2016.03.29-20.27.17:228][540]LogModuleManager: Shutting down and abandoning module LinuxNoEditorTargetPlatform (40)
[2016.03.29-20.27.17:228][540]LogModuleManager: Shutting down and abandoning module Messaging (39)
[2016.03.29-20.27.17:228][540]LogModuleManager: Shutting down and abandoning module IOSTargetPlatform (38)
[2016.03.29-20.27.17:228][540]LogModuleManager: Shutting down and abandoning module HTML5TargetPlatform (37)
[2016.03.29-20.27.17:228][540]LogModuleManager: Shutting down and abandoning module Android_PVRTCTargetPlatform (36)
[2016.03.29-20.27.17:228][540]LogModuleManager: Shutting down and abandoning module Android_MultiTargetPlatform (35)
[2016.03.29-20.27.17:229][540]LogModuleManager: Shutting down and abandoning module Android_ETC2TargetPlatform (34)
[2016.03.29-20.27.17:229][540]LogModuleManager: Shutting down and abandoning module Android_ETC1TargetPlatform (33)
[2016.03.29-20.27.17:229][540]LogModuleManager: Shutting down and abandoning module Android_DXTTargetPlatform (32)
[2016.03.29-20.27.17:229][540]LogModuleManager: Shutting down and abandoning module Android_ATCTargetPlatform (31)
[2016.03.29-20.27.17:229][540]LogModuleManager: Shutting down and abandoning module Android_ASTCTargetPlatform (30)
[2016.03.29-20.27.17:229][540]LogModuleManager: Shutting down and abandoning module AndroidTargetPlatform (29)
[2016.03.29-20.27.17:229][540]LogModuleManager: Shutting down and abandoning module WindowsTargetPlatform (28)
[2016.03.29-20.27.17:229][540]LogModuleManager: Shutting down and abandoning module WindowsServerTargetPlatform (27)
[2016.03.29-20.27.17:229][540]LogModuleManager: Shutting down and abandoning module WindowsNoEditorTargetPlatform (26)
[2016.03.29-20.27.17:229][540]LogModuleManager: Shutting down and abandoning module WindowsClientTargetPlatform (25)
[2016.03.29-20.27.17:229][540]LogModuleManager: Shutting down and abandoning module AllDesktopTargetPlatform (24)
[2016.03.29-20.27.17:229][540]LogModuleManager: Shutting down and abandoning module TargetPlatform (23)
[2016.03.29-20.27.17:229][540]LogModuleManager: Shutting down and abandoning module InputCore (22)
[2016.03.29-20.27.17:229][540]LogModuleManager: Shutting down and abandoning module Settings (21)
[2016.03.29-20.27.17:229][540]LogModuleManager: Shutting down and abandoning module OnlineSubsystem (19)
[2016.03.29-20.27.17:229][540]LogModuleManager: Shutting down and abandoning module HTTP (18)
[2016.03.29-20.27.18:231][540]LogModuleManager: Shutting down and abandoning module XMPP (17)
[2016.03.29-20.27.18:231][540]LogModuleManager: Shutting down and abandoning module OculusRift (16)
[2016.03.29-20.27.18:231][540]LogModuleManager: Shutting down and abandoning module ExampleDeviceProfileSelector (15)
[2016.03.29-20.27.18:231][540]LogModuleManager: Shutting down and abandoning module TextureCompressor (14)
[2016.03.29-20.27.18:231][540]LogModuleManager: Shutting down and abandoning module ShaderCore (13)
[2016.03.29-20.27.18:231][540]LogModuleManager: Shutting down and abandoning module Landscape (12)
[2016.03.29-20.27.18:231][540]LogModuleManager: Shutting down and abandoning module SlateRHIRenderer (11)
[2016.03.29-20.27.18:237][540]LogModuleManager: Shutting down and abandoning module OpenGLDrv (10)
[2016.03.29-20.27.18:237][540]LogModuleManager: Shutting down and abandoning module D3D11RHI (9)
[2016.03.29-20.27.18:237][540]LogModuleManager: Shutting down and abandoning module AnimGraphRuntime (8)
[2016.03.29-20.27.18:237][540]LogModuleManager: Shutting down and abandoning module Renderer (7)
[2016.03.29-20.27.18:237][540]LogModuleManager: Shutting down and abandoning module Engine (6)
[2016.03.29-20.27.18:237][540]LogModuleManager: Shutting down and abandoning module CoreUObject (5)
[2016.03.29-20.27.18:237][540]LogModuleManager: Shutting down and abandoning module NetworkFile (4)
[2016.03.29-20.27.18:238][540]LogModuleManager: Shutting down and abandoning module StreamingFile (3)
[2016.03.29-20.27.18:238][540]LogModuleManager: Shutting down and abandoning module SandboxFile (2)
[2016.03.29-20.27.18:238][540]LogModuleManager: Shutting down and abandoning module PakFile (1)
[2016.03.29-20.27.18:241][540]LogExit: Exiting.
[2016.03.29-20.27.18:278][540]Log file closed, 03/29/16 16:27:18
